2023-01-01 15:46:28 [restartedMain] INFO  : Starting JwtAuthenticationApiApplication using Java 17.0.4.1 on Ishika with PID 19264 (E:\Blog project\Blog_Application_project\JwtAuthentication_Api\bin\main started by shree sai computer in E:\Blog project\Blog_Application_project\JwtAuthentication_Api)
2023-01-01 15:46:28 [restartedMain] INFO  : No active profile set, falling back to 1 default profile: "default"
2023-01-01 15:46:28 [restartedMain] INFO  : Devtools property defaults active! Set 'spring.devtools.add-properties' to 'false' to disable
2023-01-01 15:46:28 [restartedMain] INFO  : For additional web related logging consider setting the 'logging.level.web' property to 'DEBUG'
2023-01-01 15:46:28 [restartedMain] INFO  : Bootstrapping Spring Data JPA repositories in DEFAULT mode.
2023-01-01 15:46:28 [restartedMain] INFO  : Finished Spring Data repository scanning in 55 ms. Found 5 JPA repository interfaces.
2023-01-01 15:46:29 [restartedMain] INFO  : Tomcat initialized with port(s): 8080 (http)
2023-01-01 15:46:29 [restartedMain] INFO  : Initializing ProtocolHandler ["http-nio-8080"]
2023-01-01 15:46:29 [restartedMain] INFO  : Starting service [Tomcat]
2023-01-01 15:46:29 [restartedMain] INFO  : Starting Servlet engine: [Apache Tomcat/9.0.63]
2023-01-01 15:46:29 [restartedMain] INFO  : Initializing Spring embedded WebApplicationContext
2023-01-01 15:46:29 [restartedMain] INFO  : Root WebApplicationContext: initialization completed in 1162 ms
2023-01-01 15:46:29 [restartedMain] INFO  : HHH000204: Processing PersistenceUnitInfo [name: default]
2023-01-01 15:46:29 [restartedMain] INFO  : HHH000412: Hibernate ORM core version 5.6.9.Final
2023-01-01 15:46:29 [restartedMain] INFO  : HCANN000001: Hibernate Commons Annotations {5.1.2.Final}
2023-01-01 15:46:29 [restartedMain] INFO  : HikariPool-1 - Starting...
2023-01-01 15:46:29 [restartedMain] INFO  : HikariPool-1 - Start completed.
2023-01-01 15:46:30 [restartedMain] INFO  : HHH000400: Using dialect: org.hibernate.dialect.MySQL8Dialect
2023-01-01 15:46:30 [restartedMain] INFO  : HHH000490: Using JtaPlatform implementation: [org.hibernate.engine.transaction.jta.platform.internal.NoJtaPlatform]
2023-01-01 15:46:30 [restartedMain] INFO  : Initialized JPA EntityManagerFactory for persistence unit 'default'
2023-01-01 15:46:31 [restartedMain] WARN  : spring.jpa.open-in-view is enabled by default. Therefore, database queries may be performed during view rendering. Explicitly configure spring.jpa.open-in-view to disable this warning
2023-01-01 15:46:31 [restartedMain] INFO  : Will secure any request with [org.springframework.security.web.session.DisableEncodeUrlFilter@71e270f0, org.springframework.security.web.context.request.async.WebAsyncManagerIntegrationFilter@2e6742e1, org.springframework.security.web.context.SecurityContextPersistenceFilter@576f33ac, org.springframework.security.web.header.HeaderWriterFilter@7542606e, org.springframework.security.web.authentication.logout.LogoutFilter@6fd8ed5d, com.jobPortal.security.JwtAuthenticationFilter@4ad86347, org.springframework.security.web.savedrequest.RequestCacheAwareFilter@42f883ce, org.springframework.security.web.servletapi.SecurityContextHolderAwareRequestFilter@2cb25278, org.springframework.security.web.authentication.AnonymousAuthenticationFilter@39c5023f, org.springframework.security.web.session.SessionManagementFilter@44c3a989, org.springframework.security.web.access.ExceptionTranslationFilter@1eb19b8d, org.springframework.security.web.access.intercept.AuthorizationFilter@60e2c4c5]
2023-01-01 15:46:31 [restartedMain] INFO  : LiveReload server is running on port 35729
2023-01-01 15:46:31 [restartedMain] INFO  : Starting ProtocolHandler ["http-nio-8080"]
2023-01-01 15:46:31 [restartedMain] INFO  : Tomcat started on port(s): 8080 (http) with context path ''
2023-01-01 15:46:31 [restartedMain] INFO  : Started JwtAuthenticationApiApplication in 3.727 seconds (JVM running for 4.666)
2023-01-01 15:48:37 [http-nio-8080-exec-2] INFO  : Initializing Spring DispatcherServlet 'dispatcherServlet'
2023-01-01 15:48:37 [http-nio-8080-exec-2] INFO  : Initializing Servlet 'dispatcherServlet'
2023-01-01 15:48:37 [http-nio-8080-exec-2] INFO  : Completed initialization in 2 ms
2023-01-01 15:48:37 [http-nio-8080-exec-2] INFO  : CreateToken controller is called successfully
2023-01-01 15:48:37 [http-nio-8080-exec-2] INFO  : Authenticate controller is called successfully
2023-01-01 15:48:38 [http-nio-8080-exec-2] WARN  : Resolved [org.springframework.security.authentication.InternalAuthenticationServiceException: User not found with email :  : NONE_PROVIDED ]
2023-01-01 15:49:02 [http-nio-8080-exec-3] INFO  : CreateToken controller is called successfully
2023-01-01 15:49:02 [http-nio-8080-exec-3] INFO  : Authenticate controller is called successfully
2023-01-01 15:49:02 [http-nio-8080-exec-3] WARN  : Resolved [org.springframework.security.authentication.InternalAuthenticationServiceException: User not found with email :  : NONE_PROVIDED ]
2023-01-01 15:58:17 [Thread-5] INFO  : Closing JPA EntityManagerFactory for persistence unit 'default'
2023-01-01 15:58:17 [Thread-5] INFO  : HikariPool-1 - Shutdown initiated...
2023-01-01 15:58:17 [Thread-5] INFO  : HikariPool-1 - Shutdown completed.
2023-01-01 15:58:18 [restartedMain] INFO  : Starting JwtAuthenticationApiApplication using Java 17.0.4.1 on Ishika with PID 19264 (E:\Blog project\Blog_Application_project\JwtAuthentication_Api\bin\main started by shree sai computer in E:\Blog project\Blog_Application_project\JwtAuthentication_Api)
2023-01-01 15:58:18 [restartedMain] INFO  : No active profile set, falling back to 1 default profile: "default"
2023-01-01 15:58:18 [restartedMain] INFO  : Bootstrapping Spring Data JPA repositories in DEFAULT mode.
2023-01-01 15:58:18 [restartedMain] INFO  : Finished Spring Data repository scanning in 18 ms. Found 5 JPA repository interfaces.
2023-01-01 15:58:18 [restartedMain] INFO  : Tomcat initialized with port(s): 8080 (http)
2023-01-01 15:58:18 [restartedMain] INFO  : Initializing ProtocolHandler ["http-nio-8080"]
2023-01-01 15:58:18 [restartedMain] INFO  : Starting service [Tomcat]
2023-01-01 15:58:18 [restartedMain] INFO  : Starting Servlet engine: [Apache Tomcat/9.0.63]
2023-01-01 15:58:18 [restartedMain] INFO  : Initializing Spring embedded WebApplicationContext
2023-01-01 15:58:18 [restartedMain] INFO  : Root WebApplicationContext: initialization completed in 388 ms
2023-01-01 15:58:18 [restartedMain] INFO  : HHH000204: Processing PersistenceUnitInfo [name: default]
2023-01-01 15:58:18 [restartedMain] INFO  : HikariPool-2 - Starting...
2023-01-01 15:58:18 [restartedMain] INFO  : HikariPool-2 - Start completed.
2023-01-01 15:58:18 [restartedMain] INFO  : HHH000400: Using dialect: org.hibernate.dialect.MySQL8Dialect
2023-01-01 15:58:18 [restartedMain] INFO  : HHH000490: Using JtaPlatform implementation: [org.hibernate.engine.transaction.jta.platform.internal.NoJtaPlatform]
2023-01-01 15:58:18 [restartedMain] INFO  : Initialized JPA EntityManagerFactory for persistence unit 'default'
2023-01-01 15:58:19 [restartedMain] WARN  : spring.jpa.open-in-view is enabled by default. Therefore, database queries may be performed during view rendering. Explicitly configure spring.jpa.open-in-view to disable this warning
2023-01-01 15:58:19 [restartedMain] WARN  : Exception encountered during context initialization - cancelling refresh attempt: org.springframework.beans.factory.BeanCreationException: Error creating bean with name 'springSecurityFilterChain' defined in class path resource [org/springframework/security/config/annotation/web/configuration/WebSecurityConfiguration.class]: Bean instantiation via factory method failed; nested exception is org.springframework.beans.BeanInstantiationException: Failed to instantiate [javax.servlet.Filter]: Factory method 'springSecurityFilterChain' threw exception; nested exception is java.lang.Error: Unresolved compilation problem: 
	The method authorizeHttpRequests(Customizer<AuthorizeHttpRequestsConfigurer<HttpSecurity>.AuthorizationManagerRequestMatcherRegistry>) in the type HttpSecurity is not applicable for the arguments ()

2023-01-01 15:58:19 [restartedMain] INFO  : Closing JPA EntityManagerFactory for persistence unit 'default'
2023-01-01 15:58:19 [restartedMain] INFO  : HikariPool-2 - Shutdown initiated...
2023-01-01 15:58:19 [restartedMain] INFO  : HikariPool-2 - Shutdown completed.
2023-01-01 15:58:19 [restartedMain] INFO  : Stopping service [Tomcat]
2023-01-01 15:58:19 [restartedMain] INFO  : 

Error starting ApplicationContext. To display the conditions report re-run your application with 'debug' enabled.
2023-01-01 15:58:19 [restartedMain] ERROR : Application run failed
org.springframework.beans.factory.BeanCreationException: Error creating bean with name 'springSecurityFilterChain' defined in class path resource [org/springframework/security/config/annotation/web/configuration/WebSecurityConfiguration.class]: Bean instantiation via factory method failed; nested exception is org.springframework.beans.BeanInstantiationException: Failed to instantiate [javax.servlet.Filter]: Factory method 'springSecurityFilterChain' threw exception; nested exception is java.lang.Error: Unresolved compilation problem: 
	The method authorizeHttpRequests(Customizer<AuthorizeHttpRequestsConfigurer<HttpSecurity>.AuthorizationManagerRequestMatcherRegistry>) in the type HttpSecurity is not applicable for the arguments ()

	at org.springframework.beans.factory.support.ConstructorResolver.instantiate(ConstructorResolver.java:658) ~[spring-beans-5.3.20.jar:5.3.20]
	at org.springframework.beans.factory.support.ConstructorResolver.instantiateUsingFactoryMethod(ConstructorResolver.java:486) ~[spring-beans-5.3.20.jar:5.3.20]
	at org.springframework.beans.factory.support.AbstractAutowireCapableBeanFactory.instantiateUsingFactoryMethod(AbstractAutowireCapableBeanFactory.java:1352) ~[spring-beans-5.3.20.jar:5.3.20]
	at org.springframework.beans.factory.support.AbstractAutowireCapableBeanFactory.createBeanInstance(AbstractAutowireCapableBeanFactory.java:1195) ~[spring-beans-5.3.20.jar:5.3.20]
	at org.springframework.beans.factory.support.AbstractAutowireCapableBeanFactory.doCreateBean(AbstractAutowireCapableBeanFactory.java:582) ~[spring-beans-5.3.20.jar:5.3.20]
	at org.springframework.beans.factory.support.AbstractAutowireCapableBeanFactory.createBean(AbstractAutowireCapableBeanFactory.java:542) ~[spring-beans-5.3.20.jar:5.3.20]
	at org.springframework.beans.factory.support.AbstractBeanFactory.lambda$doGetBean$0(AbstractBeanFactory.java:335) ~[spring-beans-5.3.20.jar:5.3.20]
	at org.springframework.beans.factory.support.DefaultSingletonBeanRegistry.getSingleton(DefaultSingletonBeanRegistry.java:234) ~[spring-beans-5.3.20.jar:5.3.20]
	at org.springframework.beans.factory.support.AbstractBeanFactory.doGetBean(AbstractBeanFactory.java:333) ~[spring-beans-5.3.20.jar:5.3.20]
	at org.springframework.beans.factory.support.AbstractBeanFactory.getBean(AbstractBeanFactory.java:208) ~[spring-beans-5.3.20.jar:5.3.20]
	at org.springframework.beans.factory.support.AbstractBeanFactory.doGetBean(AbstractBeanFactory.java:322) ~[spring-beans-5.3.20.jar:5.3.20]
	at org.springframework.beans.factory.support.AbstractBeanFactory.getBean(AbstractBeanFactory.java:208) ~[spring-beans-5.3.20.jar:5.3.20]
	at org.springframework.beans.factory.support.DefaultListableBeanFactory.preInstantiateSingletons(DefaultListableBeanFactory.java:953) ~[spring-beans-5.3.20.jar:5.3.20]
	at org.springframework.context.support.AbstractApplicationContext.finishBeanFactoryInitialization(AbstractApplicationContext.java:918) ~[spring-context-5.3.20.jar:5.3.20]
	at org.springframework.context.support.AbstractApplicationContext.refresh(AbstractApplicationContext.java:583) ~[spring-context-5.3.20.jar:5.3.20]
	at org.springframework.boot.web.servlet.context.ServletWebServerApplicationContext.refresh(ServletWebServerApplicationContext.java:147) ~[spring-boot-2.7.0.jar:2.7.0]
	at org.springframework.boot.SpringApplication.refresh(SpringApplication.java:734) ~[spring-boot-2.7.0.jar:2.7.0]
	at org.springframework.boot.SpringApplication.refreshContext(SpringApplication.java:408) ~[spring-boot-2.7.0.jar:2.7.0]
	at org.springframework.boot.SpringApplication.run(SpringApplication.java:308) ~[spring-boot-2.7.0.jar:2.7.0]
	at org.springframework.boot.SpringApplication.run(SpringApplication.java:1306) ~[spring-boot-2.7.0.jar:2.7.0]
	at org.springframework.boot.SpringApplication.run(SpringApplication.java:1295) ~[spring-boot-2.7.0.jar:2.7.0]
	at com.jobPortal.JwtAuthenticationApiApplication.main(JwtAuthenticationApiApplication.java:10) ~[main/:?]
	at jdk.internal.reflect.NativeMethodAccessorImpl.invoke0(Native Method) ~[?:?]
	at jdk.internal.reflect.NativeMethodAccessorImpl.invoke(NativeMethodAccessorImpl.java:77) ~[?:?]
	at jdk.internal.reflect.DelegatingMethodAccessorImpl.invoke(DelegatingMethodAccessorImpl.java:43) ~[?:?]
	at java.lang.reflect.Method.invoke(Method.java:568) ~[?:?]
	at org.springframework.boot.devtools.restart.RestartLauncher.run(RestartLauncher.java:49) ~[spring-boot-devtools-2.7.0.jar:2.7.0]
Caused by: org.springframework.beans.BeanInstantiationException: Failed to instantiate [javax.servlet.Filter]: Factory method 'springSecurityFilterChain' threw exception; nested exception is java.lang.Error: Unresolved compilation problem: 
	The method authorizeHttpRequests(Customizer<AuthorizeHttpRequestsConfigurer<HttpSecurity>.AuthorizationManagerRequestMatcherRegistry>) in the type HttpSecurity is not applicable for the arguments ()

	at org.springframework.beans.factory.support.SimpleInstantiationStrategy.instantiate(SimpleInstantiationStrategy.java:185) ~[spring-beans-5.3.20.jar:5.3.20]
	at org.springframework.beans.factory.support.ConstructorResolver.instantiate(ConstructorResolver.java:653) ~[spring-beans-5.3.20.jar:5.3.20]
	... 26 more
Caused by: java.lang.Error: Unresolved compilation problem: 
	The method authorizeHttpRequests(Customizer<AuthorizeHttpRequestsConfigurer<HttpSecurity>.AuthorizationManagerRequestMatcherRegistry>) in the type HttpSecurity is not applicable for the arguments ()

	at com.jobPortal.security.SecurityConfig.configure(SecurityConfig.java:33) ~[main/:?]
	at org.springframework.security.config.annotation.web.configuration.WebSecurityConfigurerAdapter.getHttp(WebSecurityConfigurerAdapter.java:221) ~[spring-security-config-5.7.1.jar:5.7.1]
	at org.springframework.security.config.annotation.web.configuration.WebSecurityConfigurerAdapter.init(WebSecurityConfigurerAdapter.java:319) ~[spring-security-config-5.7.1.jar:5.7.1]
	at org.springframework.security.config.annotation.web.configuration.WebSecurityConfigurerAdapter.init(WebSecurityConfigurerAdapter.java:96) ~[spring-security-config-5.7.1.jar:5.7.1]
	at com.jobPortal.security.SecurityConfig$$EnhancerBySpringCGLIB$$e674a543.init(<generated>) ~[main/:?]
	at org.springframework.security.config.annotation.AbstractConfiguredSecurityBuilder.init(AbstractConfiguredSecurityBuilder.java:338) ~[spring-security-config-5.7.1.jar:5.7.1]
	at org.springframework.security.config.annotation.AbstractConfiguredSecurityBuilder.doBuild(AbstractConfiguredSecurityBuilder.java:300) ~[spring-security-config-5.7.1.jar:5.7.1]
	at org.springframework.security.config.annotation.AbstractSecurityBuilder.build(AbstractSecurityBuilder.java:38) ~[spring-security-config-5.7.1.jar:5.7.1]
	at org.springframework.security.config.annotation.web.configuration.WebSecurityConfiguration.springSecurityFilterChain(WebSecurityConfiguration.java:126) ~[spring-security-config-5.7.1.jar:5.7.1]
	at jdk.internal.reflect.NativeMethodAccessorImpl.invoke0(Native Method) ~[?:?]
	at jdk.internal.reflect.NativeMethodAccessorImpl.invoke(NativeMethodAccessorImpl.java:77) ~[?:?]
	at jdk.internal.reflect.DelegatingMethodAccessorImpl.invoke(DelegatingMethodAccessorImpl.java:43) ~[?:?]
	at java.lang.reflect.Method.invoke(Method.java:568) ~[?:?]
	at org.springframework.beans.factory.support.SimpleInstantiationStrategy.instantiate(SimpleInstantiationStrategy.java:154) ~[spring-beans-5.3.20.jar:5.3.20]
	at org.springframework.beans.factory.support.ConstructorResolver.instantiate(ConstructorResolver.java:653) ~[spring-beans-5.3.20.jar:5.3.20]
	... 26 more
2023-01-01 16:00:59 [restartedMain] INFO  : Starting JwtAuthenticationApiApplication using Java 17.0.4.1 on Ishika with PID 19264 (E:\Blog project\Blog_Application_project\JwtAuthentication_Api\bin\main started by shree sai computer in E:\Blog project\Blog_Application_project\JwtAuthentication_Api)
2023-01-01 16:00:59 [restartedMain] INFO  : No active profile set, falling back to 1 default profile: "default"
2023-01-01 16:00:59 [restartedMain] INFO  : Bootstrapping Spring Data JPA repositories in DEFAULT mode.
2023-01-01 16:00:59 [restartedMain] INFO  : Finished Spring Data repository scanning in 13 ms. Found 5 JPA repository interfaces.
2023-01-01 16:00:59 [restartedMain] INFO  : Tomcat initialized with port(s): 8080 (http)
2023-01-01 16:00:59 [restartedMain] INFO  : Initializing ProtocolHandler ["http-nio-8080"]
2023-01-01 16:00:59 [restartedMain] INFO  : Starting service [Tomcat]
2023-01-01 16:00:59 [restartedMain] INFO  : Starting Servlet engine: [Apache Tomcat/9.0.63]
2023-01-01 16:00:59 [restartedMain] INFO  : Initializing Spring embedded WebApplicationContext
2023-01-01 16:00:59 [restartedMain] INFO  : Root WebApplicationContext: initialization completed in 213 ms
2023-01-01 16:00:59 [restartedMain] INFO  : HHH000204: Processing PersistenceUnitInfo [name: default]
2023-01-01 16:00:59 [restartedMain] INFO  : HikariPool-3 - Starting...
2023-01-01 16:00:59 [restartedMain] INFO  : HikariPool-3 - Start completed.
2023-01-01 16:00:59 [restartedMain] INFO  : HHH000400: Using dialect: org.hibernate.dialect.MySQL8Dialect
2023-01-01 16:00:59 [restartedMain] INFO  : HHH000490: Using JtaPlatform implementation: [org.hibernate.engine.transaction.jta.platform.internal.NoJtaPlatform]
2023-01-01 16:00:59 [restartedMain] INFO  : Initialized JPA EntityManagerFactory for persistence unit 'default'
2023-01-01 16:00:59 [restartedMain] WARN  : spring.jpa.open-in-view is enabled by default. Therefore, database queries may be performed during view rendering. Explicitly configure spring.jpa.open-in-view to disable this warning
2023-01-01 16:00:59 [restartedMain] INFO  : Will secure any request with [org.springframework.security.web.session.DisableEncodeUrlFilter@7add6a90, org.springframework.security.web.context.request.async.WebAsyncManagerIntegrationFilter@66d3290d, org.springframework.security.web.context.SecurityContextPersistenceFilter@5277d172, org.springframework.security.web.header.HeaderWriterFilter@6c2faa94, org.springframework.security.web.authentication.logout.LogoutFilter@b675aa, com.jobPortal.security.JwtAuthenticationFilter@2ca6b358, org.springframework.security.web.savedrequest.RequestCacheAwareFilter@5c57e602, org.springframework.security.web.servletapi.SecurityContextHolderAwareRequestFilter@4d3d8c16, org.springframework.security.web.authentication.AnonymousAuthenticationFilter@2640cd2a, org.springframework.security.web.session.SessionManagementFilter@3ebf8c52, org.springframework.security.web.access.ExceptionTranslationFilter@3177eb3d, org.springframework.security.web.access.intercept.FilterSecurityInterceptor@5c6d1394]
2023-01-01 16:00:59 [restartedMain] INFO  : LiveReload server is running on port 35729
2023-01-01 16:00:59 [restartedMain] INFO  : Starting ProtocolHandler ["http-nio-8080"]
2023-01-01 16:00:59 [restartedMain] INFO  : Tomcat started on port(s): 8080 (http) with context path ''
2023-01-01 16:01:00 [restartedMain] INFO  : Started JwtAuthenticationApiApplication in 0.698 seconds (JVM running for 873.162)
2023-01-01 16:01:00 [restartedMain] INFO  : Condition evaluation unchanged
2023-01-01 16:01:07 [http-nio-8080-exec-2] INFO  : Initializing Spring DispatcherServlet 'dispatcherServlet'
2023-01-01 16:01:07 [http-nio-8080-exec-2] INFO  : Initializing Servlet 'dispatcherServlet'
2023-01-01 16:01:07 [http-nio-8080-exec-2] INFO  : Completed initialization in 4 ms
2023-01-01 16:01:07 [http-nio-8080-exec-2] INFO  : CreateToken controller is called successfully
2023-01-01 16:01:07 [http-nio-8080-exec-2] INFO  : Authenticate controller is called successfully
2023-01-01 16:01:07 [http-nio-8080-exec-2] WARN  : Resolved [org.springframework.security.authentication.InternalAuthenticationServiceException: User not found with email :  : NONE_PROVIDED ]
2023-01-01 16:04:09 [http-nio-8080-exec-3] INFO  : CreateToken controller is called successfully
2023-01-01 16:04:09 [http-nio-8080-exec-3] INFO  : Authenticate controller is called successfully
2023-01-01 16:04:09 [http-nio-8080-exec-3] WARN  : Resolved [org.springframework.security.authentication.InternalAuthenticationServiceException: User not found with email :  : NONE_PROVIDED ]
2023-01-01 16:07:51 [http-nio-8080-exec-6] INFO  : resetpasswordController is executed successfully
2023-01-01 16:08:03 [http-nio-8080-exec-9] INFO  : CreateToken controller is called successfully
2023-01-01 16:08:03 [http-nio-8080-exec-9] INFO  : Authenticate controller is called successfully
2023-01-01 16:08:03 [http-nio-8080-exec-9] WARN  : Resolved [org.springframework.security.authentication.InternalAuthenticationServiceException: User not found with email :  : NONE_PROVIDED ]
2023-01-01 16:09:25 [http-nio-8080-exec-2] INFO  : FogotPasswordController is executed successfully
2023-01-01 16:09:48 [http-nio-8080-exec-4] INFO  : resetpasswordController is executed successfully
2023-01-01 16:10:31 [http-nio-8080-exec-5] INFO  : CreateToken controller is called successfully
2023-01-01 16:10:31 [http-nio-8080-exec-5] INFO  : Authenticate controller is called successfully
2023-01-01 16:10:31 [http-nio-8080-exec-5] WARN  : Resolved [org.springframework.security.authentication.InternalAuthenticationServiceException: User not found with email :  : NONE_PROVIDED ]
2023-01-01 16:10:48 [http-nio-8080-exec-3] INFO  : CreateToken controller is called successfully
2023-01-01 16:10:48 [http-nio-8080-exec-3] INFO  : Authenticate controller is called successfully
2023-01-01 16:11:08 [http-nio-8080-exec-7] WARN  : Resolved [com.jobPortal.exception.ResourceNotFoundException: UserRole not found with userId : de0ef3dc-f42a-4f87-8936-ea5bef1cfb7e ]
2023-01-01 16:15:39 [http-nio-8080-exec-5] INFO  : FogotPasswordController is executed successfully
2023-01-01 16:18:33 [http-nio-8080-exec-1] WARN  : Resolved [com.jobPortal.exception.ResourceNotFoundException: UserRole not found with userId : 84a0c9f0-4dcb-4399-8327-b116598907cb ]
2023-01-01 16:23:34 [Thread-7] INFO  : Closing JPA EntityManagerFactory for persistence unit 'default'
2023-01-01 16:23:34 [Thread-7] INFO  : HikariPool-3 - Shutdown initiated...
2023-01-01 16:23:34 [Thread-7] INFO  : HikariPool-3 - Shutdown completed.
2023-01-01 16:23:34 [restartedMain] INFO  : Starting JwtAuthenticationApiApplication using Java 17.0.4.1 on Ishika with PID 19264 (E:\Blog project\Blog_Application_project\JwtAuthentication_Api\bin\main started by shree sai computer in E:\Blog project\Blog_Application_project\JwtAuthentication_Api)
2023-01-01 16:23:34 [restartedMain] INFO  : No active profile set, falling back to 1 default profile: "default"
2023-01-01 16:23:34 [restartedMain] INFO  : Bootstrapping Spring Data JPA repositories in DEFAULT mode.
2023-01-01 16:23:34 [restartedMain] INFO  : Finished Spring Data repository scanning in 14 ms. Found 5 JPA repository interfaces.
2023-01-01 16:23:34 [restartedMain] INFO  : Tomcat initialized with port(s): 8080 (http)
2023-01-01 16:23:34 [restartedMain] INFO  : Initializing ProtocolHandler ["http-nio-8080"]
2023-01-01 16:23:34 [restartedMain] INFO  : Starting service [Tomcat]
2023-01-01 16:23:34 [restartedMain] INFO  : Starting Servlet engine: [Apache Tomcat/9.0.63]
2023-01-01 16:23:34 [restartedMain] INFO  : Initializing Spring embedded WebApplicationContext
2023-01-01 16:23:34 [restartedMain] INFO  : Root WebApplicationContext: initialization completed in 228 ms
2023-01-01 16:23:34 [restartedMain] INFO  : HHH000204: Processing PersistenceUnitInfo [name: default]
2023-01-01 16:23:34 [restartedMain] INFO  : HikariPool-4 - Starting...
2023-01-01 16:23:34 [restartedMain] INFO  : HikariPool-4 - Start completed.
2023-01-01 16:23:34 [restartedMain] INFO  : HHH000400: Using dialect: org.hibernate.dialect.MySQL8Dialect
2023-01-01 16:23:35 [restartedMain] INFO  : HHH000490: Using JtaPlatform implementation: [org.hibernate.engine.transaction.jta.platform.internal.NoJtaPlatform]
2023-01-01 16:23:35 [restartedMain] INFO  : Initialized JPA EntityManagerFactory for persistence unit 'default'
2023-01-01 16:23:35 [restartedMain] WARN  : spring.jpa.open-in-view is enabled by default. Therefore, database queries may be performed during view rendering. Explicitly configure spring.jpa.open-in-view to disable this warning
2023-01-01 16:23:35 [restartedMain] INFO  : Will secure any request with [org.springframework.security.web.session.DisableEncodeUrlFilter@779ea1fb, org.springframework.security.web.context.request.async.WebAsyncManagerIntegrationFilter@29ae919d, org.springframework.security.web.context.SecurityContextPersistenceFilter@235114d6, org.springframework.security.web.header.HeaderWriterFilter@7e7dd19b, org.springframework.security.web.authentication.logout.LogoutFilter@32a4abe7, com.jobPortal.security.JwtAuthenticationFilter@26d343a0, org.springframework.security.web.savedrequest.RequestCacheAwareFilter@2e1368c4, org.springframework.security.web.servletapi.SecurityContextHolderAwareRequestFilter@3ef29594, org.springframework.security.web.authentication.AnonymousAuthenticationFilter@41bca365, org.springframework.security.web.session.SessionManagementFilter@440c7434, org.springframework.security.web.access.ExceptionTranslationFilter@27354f4f, org.springframework.security.web.access.intercept.FilterSecurityInterceptor@3681d6d7]
2023-01-01 16:23:35 [restartedMain] INFO  : LiveReload server is running on port 35729
2023-01-01 16:23:35 [restartedMain] INFO  : Starting ProtocolHandler ["http-nio-8080"]
2023-01-01 16:23:35 [restartedMain] INFO  : Tomcat started on port(s): 8080 (http) with context path ''
2023-01-01 16:23:35 [restartedMain] INFO  : Started JwtAuthenticationApiApplication in 0.65 seconds (JVM running for 2228.458)
2023-01-01 16:23:35 [restartedMain] INFO  : Condition evaluation unchanged
2023-01-01 16:23:55 [Thread-14] INFO  : Closing JPA EntityManagerFactory for persistence unit 'default'
2023-01-01 16:23:55 [Thread-14] INFO  : HikariPool-4 - Shutdown initiated...
2023-01-01 16:23:55 [Thread-14] INFO  : HikariPool-4 - Shutdown completed.
2023-01-01 16:23:55 [restartedMain] INFO  : Starting JwtAuthenticationApiApplication using Java 17.0.4.1 on Ishika with PID 19264 (E:\Blog project\Blog_Application_project\JwtAuthentication_Api\bin\main started by shree sai computer in E:\Blog project\Blog_Application_project\JwtAuthentication_Api)
2023-01-01 16:23:55 [restartedMain] INFO  : No active profile set, falling back to 1 default profile: "default"
2023-01-01 16:23:55 [restartedMain] INFO  : Bootstrapping Spring Data JPA repositories in DEFAULT mode.
2023-01-01 16:23:55 [restartedMain] INFO  : Finished Spring Data repository scanning in 14 ms. Found 5 JPA repository interfaces.
2023-01-01 16:23:55 [restartedMain] INFO  : Tomcat initialized with port(s): 8080 (http)
2023-01-01 16:23:55 [restartedMain] INFO  : Initializing ProtocolHandler ["http-nio-8080"]
2023-01-01 16:23:55 [restartedMain] INFO  : Starting service [Tomcat]
2023-01-01 16:23:55 [restartedMain] INFO  : Starting Servlet engine: [Apache Tomcat/9.0.63]
2023-01-01 16:23:55 [restartedMain] INFO  : Initializing Spring embedded WebApplicationContext
2023-01-01 16:23:55 [restartedMain] INFO  : Root WebApplicationContext: initialization completed in 194 ms
2023-01-01 16:23:55 [restartedMain] INFO  : HHH000204: Processing PersistenceUnitInfo [name: default]
2023-01-01 16:23:55 [restartedMain] INFO  : HikariPool-5 - Starting...
2023-01-01 16:23:55 [restartedMain] INFO  : HikariPool-5 - Start completed.
2023-01-01 16:23:55 [restartedMain] INFO  : HHH000400: Using dialect: org.hibernate.dialect.MySQL8Dialect
2023-01-01 16:23:55 [restartedMain] INFO  : HHH000490: Using JtaPlatform implementation: [org.hibernate.engine.transaction.jta.platform.internal.NoJtaPlatform]
2023-01-01 16:23:55 [restartedMain] INFO  : Initialized JPA EntityManagerFactory for persistence unit 'default'
2023-01-01 16:23:55 [restartedMain] WARN  : spring.jpa.open-in-view is enabled by default. Therefore, database queries may be performed during view rendering. Explicitly configure spring.jpa.open-in-view to disable this warning
2023-01-01 16:23:55 [restartedMain] INFO  : Will secure any request with [org.springframework.security.web.session.DisableEncodeUrlFilter@34f61c8c, org.springframework.security.web.context.request.async.WebAsyncManagerIntegrationFilter@782bcd08, org.springframework.security.web.context.SecurityContextPersistenceFilter@1c0bada, org.springframework.security.web.header.HeaderWriterFilter@531f305f, org.springframework.security.web.authentication.logout.LogoutFilter@10bbb0c9, com.jobPortal.security.JwtAuthenticationFilter@34f62e37, org.springframework.security.web.savedrequest.RequestCacheAwareFilter@213f515f, org.springframework.security.web.servletapi.SecurityContextHolderAwareRequestFilter@b8810ef, org.springframework.security.web.authentication.AnonymousAuthenticationFilter@71a2bda7, org.springframework.security.web.session.SessionManagementFilter@cf27993, org.springframework.security.web.access.ExceptionTranslationFilter@5fbffc09, org.springframework.security.web.access.intercept.FilterSecurityInterceptor@cdcc1af]
2023-01-01 16:23:55 [restartedMain] INFO  : LiveReload server is running on port 35729
2023-01-01 16:23:55 [restartedMain] INFO  : Starting ProtocolHandler ["http-nio-8080"]
2023-01-01 16:23:55 [restartedMain] INFO  : Tomcat started on port(s): 8080 (http) with context path ''
2023-01-01 16:23:55 [restartedMain] INFO  : Started JwtAuthenticationApiApplication in 0.545 seconds (JVM running for 2248.829)
2023-01-01 16:23:55 [restartedMain] INFO  : Condition evaluation unchanged
2023-01-01 16:32:01 [Thread-18] INFO  : Closing JPA EntityManagerFactory for persistence unit 'default'
2023-01-01 16:32:01 [Thread-18] INFO  : HikariPool-5 - Shutdown initiated...
2023-01-01 16:32:01 [Thread-18] INFO  : HikariPool-5 - Shutdown completed.
2023-01-01 16:32:01 [restartedMain] INFO  : Starting JwtAuthenticationApiApplication using Java 17.0.4.1 on Ishika with PID 19264 (E:\Blog project\Blog_Application_project\JwtAuthentication_Api\bin\main started by shree sai computer in E:\Blog project\Blog_Application_project\JwtAuthentication_Api)
2023-01-01 16:32:01 [restartedMain] INFO  : No active profile set, falling back to 1 default profile: "default"
2023-01-01 16:32:02 [restartedMain] INFO  : Bootstrapping Spring Data JPA repositories in DEFAULT mode.
2023-01-01 16:32:02 [restartedMain] INFO  : Finished Spring Data repository scanning in 23 ms. Found 5 JPA repository interfaces.
2023-01-01 16:32:02 [restartedMain] INFO  : Tomcat initialized with port(s): 8080 (http)
2023-01-01 16:32:02 [restartedMain] INFO  : Initializing ProtocolHandler ["http-nio-8080"]
2023-01-01 16:32:02 [restartedMain] INFO  : Starting service [Tomcat]
2023-01-01 16:32:02 [restartedMain] INFO  : Starting Servlet engine: [Apache Tomcat/9.0.63]
2023-01-01 16:32:02 [restartedMain] INFO  : Initializing Spring embedded WebApplicationContext
2023-01-01 16:32:02 [restartedMain] INFO  : Root WebApplicationContext: initialization completed in 259 ms
2023-01-01 16:32:02 [restartedMain] INFO  : HHH000204: Processing PersistenceUnitInfo [name: default]
2023-01-01 16:32:02 [restartedMain] INFO  : HikariPool-6 - Starting...
2023-01-01 16:32:02 [restartedMain] INFO  : HikariPool-6 - Start completed.
2023-01-01 16:32:02 [restartedMain] INFO  : HHH000400: Using dialect: org.hibernate.dialect.MySQL8Dialect
2023-01-01 16:32:02 [restartedMain] INFO  : HHH000490: Using JtaPlatform implementation: [org.hibernate.engine.transaction.jta.platform.internal.NoJtaPlatform]
2023-01-01 16:32:02 [restartedMain] INFO  : Initialized JPA EntityManagerFactory for persistence unit 'default'
2023-01-01 16:32:02 [restartedMain] WARN  : spring.jpa.open-in-view is enabled by default. Therefore, database queries may be performed during view rendering. Explicitly configure spring.jpa.open-in-view to disable this warning
2023-01-01 16:32:02 [restartedMain] INFO  : Will secure any request with [org.springframework.security.web.session.DisableEncodeUrlFilter@2e17214, org.springframework.security.web.context.request.async.WebAsyncManagerIntegrationFilter@1ad0267e, org.springframework.security.web.context.SecurityContextPersistenceFilter@54423de9, org.springframework.security.web.header.HeaderWriterFilter@7773f31e, org.springframework.security.web.authentication.logout.LogoutFilter@532ff97c, com.jobPortal.security.JwtAuthenticationFilter@5d8834ee, org.springframework.security.web.savedrequest.RequestCacheAwareFilter@1e2ded65, org.springframework.security.web.servletapi.SecurityContextHolderAwareRequestFilter@762e16bd, org.springframework.security.web.authentication.AnonymousAuthenticationFilter@284f10d5, org.springframework.security.web.session.SessionManagementFilter@111e32f2, org.springframework.security.web.access.ExceptionTranslationFilter@1f9ab7eb, org.springframework.security.web.access.intercept.FilterSecurityInterceptor@f64795f]
2023-01-01 16:32:02 [restartedMain] INFO  : LiveReload server is running on port 35729
2023-01-01 16:32:02 [restartedMain] INFO  : Starting ProtocolHandler ["http-nio-8080"]
2023-01-01 16:32:02 [restartedMain] INFO  : Tomcat started on port(s): 8080 (http) with context path ''
2023-01-01 16:32:02 [restartedMain] INFO  : Started JwtAuthenticationApiApplication in 0.704 seconds (JVM running for 2735.773)
2023-01-01 16:32:02 [restartedMain] INFO  : Condition evaluation unchanged
2023-01-01 16:34:18 [Thread-22] INFO  : Closing JPA EntityManagerFactory for persistence unit 'default'
2023-01-01 16:34:18 [Thread-22] INFO  : HikariPool-6 - Shutdown initiated...
2023-01-01 16:34:18 [Thread-22] INFO  : HikariPool-6 - Shutdown completed.
2023-01-01 16:34:19 [restartedMain] INFO  : Starting JwtAuthenticationApiApplication using Java 17.0.4.1 on Ishika with PID 19264 (E:\Blog project\Blog_Application_project\JwtAuthentication_Api\bin\main started by shree sai computer in E:\Blog project\Blog_Application_project\JwtAuthentication_Api)
2023-01-01 16:34:19 [restartedMain] INFO  : No active profile set, falling back to 1 default profile: "default"
2023-01-01 16:34:19 [restartedMain] INFO  : Bootstrapping Spring Data JPA repositories in DEFAULT mode.
2023-01-01 16:34:19 [restartedMain] INFO  : Finished Spring Data repository scanning in 16 ms. Found 5 JPA repository interfaces.
2023-01-01 16:34:19 [restartedMain] INFO  : Tomcat initialized with port(s): 8080 (http)
2023-01-01 16:34:19 [restartedMain] INFO  : Initializing ProtocolHandler ["http-nio-8080"]
2023-01-01 16:34:19 [restartedMain] INFO  : Starting service [Tomcat]
2023-01-01 16:34:19 [restartedMain] INFO  : Starting Servlet engine: [Apache Tomcat/9.0.63]
2023-01-01 16:34:19 [restartedMain] INFO  : Initializing Spring embedded WebApplicationContext
2023-01-01 16:34:19 [restartedMain] INFO  : Root WebApplicationContext: initialization completed in 221 ms
2023-01-01 16:34:19 [restartedMain] INFO  : HHH000204: Processing PersistenceUnitInfo [name: default]
2023-01-01 16:34:19 [restartedMain] INFO  : HikariPool-7 - Starting...
2023-01-01 16:34:19 [restartedMain] INFO  : HikariPool-7 - Start completed.
2023-01-01 16:34:19 [restartedMain] INFO  : HHH000400: Using dialect: org.hibernate.dialect.MySQL8Dialect
2023-01-01 16:34:19 [restartedMain] INFO  : HHH000490: Using JtaPlatform implementation: [org.hibernate.engine.transaction.jta.platform.internal.NoJtaPlatform]
2023-01-01 16:34:19 [restartedMain] INFO  : Initialized JPA EntityManagerFactory for persistence unit 'default'
2023-01-01 16:34:19 [restartedMain] WARN  : spring.jpa.open-in-view is enabled by default. Therefore, database queries may be performed during view rendering. Explicitly configure spring.jpa.open-in-view to disable this warning
2023-01-01 16:34:19 [restartedMain] INFO  : Will secure any request with [org.springframework.security.web.session.DisableEncodeUrlFilter@16de4fc8, org.springframework.security.web.context.request.async.WebAsyncManagerIntegrationFilter@7c589343, org.springframework.security.web.context.SecurityContextPersistenceFilter@108eb008, org.springframework.security.web.header.HeaderWriterFilter@16ef6253, org.springframework.security.web.authentication.logout.LogoutFilter@637f8f4f, com.jobPortal.security.JwtAuthenticationFilter@6d91038, org.springframework.security.web.savedrequest.RequestCacheAwareFilter@47ddf6e1, org.springframework.security.web.servletapi.SecurityContextHolderAwareRequestFilter@2a4df9b3, org.springframework.security.web.authentication.AnonymousAuthenticationFilter@36f9bcab, org.springframework.security.web.session.SessionManagementFilter@3e7250e7, org.springframework.security.web.access.ExceptionTranslationFilter@5b0180b8, org.springframework.security.web.access.intercept.FilterSecurityInterceptor@640d6577]
2023-01-01 16:34:19 [restartedMain] INFO  : LiveReload server is running on port 35729
2023-01-01 16:34:19 [restartedMain] INFO  : Starting ProtocolHandler ["http-nio-8080"]
2023-01-01 16:34:19 [restartedMain] INFO  : Tomcat started on port(s): 8080 (http) with context path ''
2023-01-01 16:34:19 [restartedMain] INFO  : Started JwtAuthenticationApiApplication in 0.64 seconds (JVM running for 2872.823)
2023-01-01 16:34:19 [restartedMain] INFO  : Condition evaluation unchanged
2023-01-01 17:02:23 [http-nio-8080-exec-4] INFO  : Initializing Spring DispatcherServlet 'dispatcherServlet'
2023-01-01 17:02:23 [http-nio-8080-exec-4] INFO  : Initializing Servlet 'dispatcherServlet'
2023-01-01 17:02:23 [http-nio-8080-exec-4] INFO  : Completed initialization in 5 ms
2023-01-01 17:02:23 [http-nio-8080-exec-4] INFO  : FogotPasswordController is executed successfully
2023-01-01 17:02:23 [http-nio-8080-exec-4] WARN  : Resolved [com.jobPortal.exception.ResourceNotFoundException: User not found with email :  : loveshbhatiya07@gmail.com ]
2023-01-01 17:03:01 [http-nio-8080-exec-5] INFO  : FogotPasswordController is executed successfully
2023-01-01 17:03:55 [http-nio-8080-exec-3] INFO  : resetpasswordController is executed successfully
2023-01-01 17:05:12 [Thread-26] INFO  : Closing JPA EntityManagerFactory for persistence unit 'default'
2023-01-01 17:05:12 [Thread-26] INFO  : HikariPool-7 - Shutdown initiated...
2023-01-01 17:05:12 [Thread-26] INFO  : HikariPool-7 - Shutdown completed.
2023-01-01 17:05:12 [restartedMain] INFO  : Starting JwtAuthenticationApiApplication using Java 17.0.4.1 on Ishika with PID 19264 (E:\Blog project\Blog_Application_project\JwtAuthentication_Api\bin\main started by shree sai computer in E:\Blog project\Blog_Application_project\JwtAuthentication_Api)
2023-01-01 17:05:12 [restartedMain] INFO  : No active profile set, falling back to 1 default profile: "default"
2023-01-01 17:05:12 [restartedMain] INFO  : Bootstrapping Spring Data JPA repositories in DEFAULT mode.
2023-01-01 17:05:12 [restartedMain] INFO  : Finished Spring Data repository scanning in 17 ms. Found 5 JPA repository interfaces.
2023-01-01 17:05:12 [restartedMain] INFO  : Tomcat initialized with port(s): 8080 (http)
2023-01-01 17:05:12 [restartedMain] INFO  : Initializing ProtocolHandler ["http-nio-8080"]
2023-01-01 17:05:12 [restartedMain] INFO  : Starting service [Tomcat]
2023-01-01 17:05:12 [restartedMain] INFO  : Starting Servlet engine: [Apache Tomcat/9.0.63]
2023-01-01 17:05:12 [restartedMain] INFO  : Initializing Spring embedded WebApplicationContext
2023-01-01 17:05:12 [restartedMain] INFO  : Root WebApplicationContext: initialization completed in 318 ms
2023-01-01 17:05:12 [restartedMain] INFO  : HHH000204: Processing PersistenceUnitInfo [name: default]
2023-01-01 17:05:12 [restartedMain] INFO  : HikariPool-8 - Starting...
2023-01-01 17:05:12 [restartedMain] INFO  : HikariPool-8 - Start completed.
2023-01-01 17:05:12 [restartedMain] INFO  : HHH000400: Using dialect: org.hibernate.dialect.MySQL8Dialect
2023-01-01 17:05:12 [restartedMain] INFO  : HHH000490: Using JtaPlatform implementation: [org.hibernate.engine.transaction.jta.platform.internal.NoJtaPlatform]
2023-01-01 17:05:12 [restartedMain] INFO  : Initialized JPA EntityManagerFactory for persistence unit 'default'
2023-01-01 17:05:13 [restartedMain] WARN  : spring.jpa.open-in-view is enabled by default. Therefore, database queries may be performed during view rendering. Explicitly configure spring.jpa.open-in-view to disable this warning
2023-01-01 17:05:13 [restartedMain] INFO  : Will secure any request with [org.springframework.security.web.session.DisableEncodeUrlFilter@4ab211ac, org.springframework.security.web.context.request.async.WebAsyncManagerIntegrationFilter@20333a36, org.springframework.security.web.context.SecurityContextPersistenceFilter@6d9a6b92, org.springframework.security.web.header.HeaderWriterFilter@12216214, org.springframework.security.web.authentication.logout.LogoutFilter@5951761e, com.jobPortal.security.JwtAuthenticationFilter@563fefa7, org.springframework.security.web.savedrequest.RequestCacheAwareFilter@21300562, org.springframework.security.web.servletapi.SecurityContextHolderAwareRequestFilter@3898f292, org.springframework.security.web.authentication.AnonymousAuthenticationFilter@7d119766, org.springframework.security.web.session.SessionManagementFilter@1e4824df, org.springframework.security.web.access.ExceptionTranslationFilter@294ca556, org.springframework.security.web.access.intercept.FilterSecurityInterceptor@4518c0a0]
2023-01-01 17:05:13 [restartedMain] INFO  : LiveReload server is running on port 35729
2023-01-01 17:05:13 [restartedMain] INFO  : Starting ProtocolHandler ["http-nio-8080"]
2023-01-01 17:05:13 [restartedMain] INFO  : Tomcat started on port(s): 8080 (http) with context path ''
2023-01-01 17:05:13 [restartedMain] INFO  : Started JwtAuthenticationApiApplication in 0.863 seconds (JVM running for 4727.607)
2023-01-01 17:05:13 [restartedMain] INFO  : Condition evaluation unchanged
2023-01-01 17:09:46 [http-nio-8080-exec-2] INFO  : Initializing Spring DispatcherServlet 'dispatcherServlet'
2023-01-01 17:09:46 [http-nio-8080-exec-2] INFO  : Initializing Servlet 'dispatcherServlet'
2023-01-01 17:09:46 [http-nio-8080-exec-2] INFO  : Completed initialization in 5 ms
2023-01-01 17:15:22 [http-nio-8080-exec-6] INFO  : FogotPasswordController is executed successfully
2023-01-01 17:16:22 [http-nio-8080-exec-8] INFO  : CreateToken controller is called successfully
2023-01-01 17:16:22 [http-nio-8080-exec-8] INFO  : Authenticate controller is called successfully
2023-01-01 17:17:26 [http-nio-8080-exec-1] WARN  : Resolved [com.jobPortal.exception.ResourceNotFoundException: UserRole not found with userId : 169d0d01-d4b5-4d02-855b-ab78248795c0 ]
2023-01-01 17:19:38 [http-nio-8080-exec-4] WARN  : Resolved [com.jobPortal.exception.ResourceNotFoundException: UserRole not found with userId : 169d0d01-d4b5-4d02-855b-ab78248795c0 ]
2023-01-01 17:21:08 [Thread-30] INFO  : Closing JPA EntityManagerFactory for persistence unit 'default'
2023-01-01 17:21:08 [Thread-30] INFO  : HikariPool-8 - Shutdown initiated...
2023-01-01 17:21:08 [Thread-30] INFO  : HikariPool-8 - Shutdown completed.
2023-01-01 17:21:09 [restartedMain] INFO  : Starting JwtAuthenticationApiApplication using Java 17.0.4.1 on Ishika with PID 19264 (E:\Blog project\Blog_Application_project\JwtAuthentication_Api\bin\main started by shree sai computer in E:\Blog project\Blog_Application_project\JwtAuthentication_Api)
2023-01-01 17:21:09 [restartedMain] INFO  : No active profile set, falling back to 1 default profile: "default"
2023-01-01 17:21:09 [restartedMain] INFO  : Bootstrapping Spring Data JPA repositories in DEFAULT mode.
2023-01-01 17:21:09 [restartedMain] ERROR : Application run failed
java.lang.NoClassDefFoundError: List
	at java.lang.Class.getDeclaredMethods0(Native Method) ~[?:?]
	at java.lang.Class.privateGetDeclaredMethods(Class.java:3402) ~[?:?]
	at java.lang.Class.privateGetPublicMethods(Class.java:3427) ~[?:?]
	at java.lang.Class.getMethods(Class.java:2019) ~[?:?]
	at org.springframework.data.repository.util.ReactiveWrappers.usesReactiveType(ReactiveWrappers.java:181) ~[spring-data-commons-2.7.0.jar:2.7.0]
	at org.springframework.data.repository.core.support.AbstractRepositoryMetadata.isReactiveRepository(AbstractRepositoryMetadata.java:160) ~[spring-data-commons-2.7.0.jar:2.7.0]
	at org.springframework.data.repository.config.RepositoryConfigurationExtensionSupport.useRepositoryConfiguration(RepositoryConfigurationExtensionSupport.java:366) ~[spring-data-commons-2.7.0.jar:2.7.0]
	at org.springframework.data.repository.config.RepositoryConfigurationExtensionSupport.getRepositoryConfigurations(RepositoryConfigurationExtensionSupport.java:108) ~[spring-data-commons-2.7.0.jar:2.7.0]
	at org.springframework.data.repository.config.RepositoryConfigurationDelegate.registerRepositoriesIn(RepositoryConfigurationDelegate.java:159) ~[spring-data-commons-2.7.0.jar:2.7.0]
	at org.springframework.boot.autoconfigure.data.AbstractRepositoryConfigurationSourceSupport.registerBeanDefinitions(AbstractRepositoryConfigurationSourceSupport.java:62) ~[spring-boot-autoconfigure-2.7.0.jar:2.7.0]
	at org.springframework.context.annotation.ConfigurationClassBeanDefinitionReader.lambda$loadBeanDefinitionsFromRegistrars$1(ConfigurationClassBeanDefinitionReader.java:396) ~[spring-context-5.3.20.jar:5.3.20]
	at java.util.LinkedHashMap.forEach(LinkedHashMap.java:721) ~[?:?]
	at org.springframework.context.annotation.ConfigurationClassBeanDefinitionReader.loadBeanDefinitionsFromRegistrars(ConfigurationClassBeanDefinitionReader.java:395) ~[spring-context-5.3.20.jar:5.3.20]
	at org.springframework.context.annotation.ConfigurationClassBeanDefinitionReader.loadBeanDefinitionsForConfigurationClass(ConfigurationClassBeanDefinitionReader.java:157) ~[spring-context-5.3.20.jar:5.3.20]
	at org.springframework.context.annotation.ConfigurationClassBeanDefinitionReader.loadBeanDefinitions(ConfigurationClassBeanDefinitionReader.java:129) ~[spring-context-5.3.20.jar:5.3.20]
	at org.springframework.context.annotation.ConfigurationClassPostProcessor.processConfigBeanDefinitions(ConfigurationClassPostProcessor.java:343) ~[spring-context-5.3.20.jar:5.3.20]
	at org.springframework.context.annotation.ConfigurationClassPostProcessor.postProcessBeanDefinitionRegistry(ConfigurationClassPostProcessor.java:247) ~[spring-context-5.3.20.jar:5.3.20]
	at org.springframework.context.support.PostProcessorRegistrationDelegate.invokeBeanDefinitionRegistryPostProcessors(PostProcessorRegistrationDelegate.java:311) ~[spring-context-5.3.20.jar:5.3.20]
	at org.springframework.context.support.PostProcessorRegistrationDelegate.invokeBeanFactoryPostProcessors(PostProcessorRegistrationDelegate.java:112) ~[spring-context-5.3.20.jar:5.3.20]
	at org.springframework.context.support.AbstractApplicationContext.invokeBeanFactoryPostProcessors(AbstractApplicationContext.java:746) ~[spring-context-5.3.20.jar:5.3.20]
	at org.springframework.context.support.AbstractApplicationContext.refresh(AbstractApplicationContext.java:564) ~[spring-context-5.3.20.jar:5.3.20]
	at org.springframework.boot.web.servlet.context.ServletWebServerApplicationContext.refresh(ServletWebServerApplicationContext.java:147) ~[spring-boot-2.7.0.jar:2.7.0]
	at org.springframework.boot.SpringApplication.refresh(SpringApplication.java:734) ~[spring-boot-2.7.0.jar:2.7.0]
	at org.springframework.boot.SpringApplication.refreshContext(SpringApplication.java:408) ~[spring-boot-2.7.0.jar:2.7.0]
	at org.springframework.boot.SpringApplication.run(SpringApplication.java:308) ~[spring-boot-2.7.0.jar:2.7.0]
	at org.springframework.boot.SpringApplication.run(SpringApplication.java:1306) ~[spring-boot-2.7.0.jar:2.7.0]
	at org.springframework.boot.SpringApplication.run(SpringApplication.java:1295) ~[spring-boot-2.7.0.jar:2.7.0]
	at com.jobPortal.JwtAuthenticationApiApplication.main(JwtAuthenticationApiApplication.java:10) ~[main/:?]
	at jdk.internal.reflect.NativeMethodAccessorImpl.invoke0(Native Method) ~[?:?]
	at jdk.internal.reflect.NativeMethodAccessorImpl.invoke(NativeMethodAccessorImpl.java:77) ~[?:?]
	at jdk.internal.reflect.DelegatingMethodAccessorImpl.invoke(DelegatingMethodAccessorImpl.java:43) ~[?:?]
	at java.lang.reflect.Method.invoke(Method.java:568) ~[?:?]
	at org.springframework.boot.devtools.restart.RestartLauncher.run(RestartLauncher.java:49) ~[spring-boot-devtools-2.7.0.jar:2.7.0]
Caused by: java.lang.ClassNotFoundException: List
	at jdk.internal.loader.BuiltinClassLoader.loadClass(BuiltinClassLoader.java:641) ~[?:?]
	at jdk.internal.loader.ClassLoaders$AppClassLoader.loadClass(ClassLoaders.java:188) ~[?:?]
	at java.lang.ClassLoader.loadClass(ClassLoader.java:520) ~[?:?]
	at java.lang.Class.forName0(Native Method) ~[?:?]
	at java.lang.Class.forName(Class.java:467) ~[?:?]
	at org.springframework.boot.devtools.restart.classloader.RestartClassLoader.loadClass(RestartClassLoader.java:145) ~[spring-boot-devtools-2.7.0.jar:2.7.0]
	at java.lang.ClassLoader.loadClass(ClassLoader.java:520) ~[?:?]
	... 33 more
2023-01-01 17:21:14 [restartedMain] INFO  : Devtools property defaults active! Set 'spring.devtools.add-properties' to 'false' to disable
2023-01-01 17:21:14 [restartedMain] INFO  : For additional web related logging consider setting the 'logging.level.web' property to 'DEBUG'
2023-01-01 17:21:14 [restartedMain] INFO  : Starting JwtAuthenticationApiApplication using Java 17.0.4.1 on Ishika with PID 19264 (E:\Blog project\Blog_Application_project\JwtAuthentication_Api\bin\main started by shree sai computer in E:\Blog project\Blog_Application_project\JwtAuthentication_Api)
2023-01-01 17:21:14 [restartedMain] INFO  : No active profile set, falling back to 1 default profile: "default"
2023-01-01 17:21:15 [restartedMain] INFO  : Bootstrapping Spring Data JPA repositories in DEFAULT mode.
2023-01-01 17:21:15 [restartedMain] INFO  : Finished Spring Data repository scanning in 24 ms. Found 5 JPA repository interfaces.
2023-01-01 17:21:15 [restartedMain] INFO  : Tomcat initialized with port(s): 8080 (http)
2023-01-01 17:21:15 [restartedMain] INFO  : Initializing ProtocolHandler ["http-nio-8080"]
2023-01-01 17:21:15 [restartedMain] INFO  : Starting service [Tomcat]
2023-01-01 17:21:15 [restartedMain] INFO  : Starting Servlet engine: [Apache Tomcat/9.0.63]
2023-01-01 17:21:15 [restartedMain] INFO  : Initializing Spring embedded WebApplicationContext
2023-01-01 17:21:15 [restartedMain] INFO  : Root WebApplicationContext: initialization completed in 325 ms
2023-01-01 17:21:15 [restartedMain] INFO  : HHH000204: Processing PersistenceUnitInfo [name: default]
2023-01-01 17:21:15 [restartedMain] INFO  : HikariPool-9 - Starting...
2023-01-01 17:21:15 [restartedMain] INFO  : HikariPool-9 - Start completed.
2023-01-01 17:21:15 [restartedMain] INFO  : HHH000400: Using dialect: org.hibernate.dialect.MySQL8Dialect
2023-01-01 17:21:15 [restartedMain] INFO  : HHH000490: Using JtaPlatform implementation: [org.hibernate.engine.transaction.jta.platform.internal.NoJtaPlatform]
2023-01-01 17:21:15 [restartedMain] INFO  : Initialized JPA EntityManagerFactory for persistence unit 'default'
2023-01-01 17:21:15 [restartedMain] WARN  : spring.jpa.open-in-view is enabled by default. Therefore, database queries may be performed during view rendering. Explicitly configure spring.jpa.open-in-view to disable this warning
2023-01-01 17:21:15 [restartedMain] INFO  : Will secure any request with [org.springframework.security.web.session.DisableEncodeUrlFilter@41ca25c1, org.springframework.security.web.context.request.async.WebAsyncManagerIntegrationFilter@34a9c48a, org.springframework.security.web.context.SecurityContextPersistenceFilter@4fe91c0e, org.springframework.security.web.header.HeaderWriterFilter@346e508d, org.springframework.security.web.authentication.logout.LogoutFilter@7b48407e, com.jobPortal.security.JwtAuthenticationFilter@44bc1b50, org.springframework.security.web.savedrequest.RequestCacheAwareFilter@4ed1f960, org.springframework.security.web.servletapi.SecurityContextHolderAwareRequestFilter@87d320f, org.springframework.security.web.authentication.AnonymousAuthenticationFilter@2dd8d5e6, org.springframework.security.web.session.SessionManagementFilter@3e7946c2, org.springframework.security.web.access.ExceptionTranslationFilter@3a9765c6, org.springframework.security.web.access.intercept.FilterSecurityInterceptor@63668c3d]
2023-01-01 17:21:15 [restartedMain] INFO  : LiveReload server is running on port 35729
2023-01-01 17:21:15 [restartedMain] INFO  : Starting ProtocolHandler ["http-nio-8080"]
2023-01-01 17:21:15 [restartedMain] INFO  : Tomcat started on port(s): 8080 (http) with context path ''
2023-01-01 17:21:15 [restartedMain] INFO  : Started JwtAuthenticationApiApplication in 0.837 seconds (JVM running for 5689.949)
2023-01-01 17:21:15 [restartedMain] INFO  : Condition evaluation unchanged
2023-01-01 17:21:39 [Thread-34] INFO  : Closing JPA EntityManagerFactory for persistence unit 'default'
2023-01-01 17:21:39 [Thread-34] INFO  : HikariPool-9 - Shutdown initiated...
2023-01-01 17:21:39 [Thread-34] INFO  : HikariPool-9 - Shutdown completed.
2023-01-01 17:21:39 [restartedMain] INFO  : Starting JwtAuthenticationApiApplication using Java 17.0.4.1 on Ishika with PID 19264 (E:\Blog project\Blog_Application_project\JwtAuthentication_Api\bin\main started by shree sai computer in E:\Blog project\Blog_Application_project\JwtAuthentication_Api)
2023-01-01 17:21:39 [restartedMain] INFO  : No active profile set, falling back to 1 default profile: "default"
2023-01-01 17:21:39 [restartedMain] INFO  : Bootstrapping Spring Data JPA repositories in DEFAULT mode.
2023-01-01 17:21:39 [restartedMain] INFO  : Finished Spring Data repository scanning in 18 ms. Found 5 JPA repository interfaces.
2023-01-01 17:21:39 [restartedMain] INFO  : Tomcat initialized with port(s): 8080 (http)
2023-01-01 17:21:39 [restartedMain] INFO  : Initializing ProtocolHandler ["http-nio-8080"]
2023-01-01 17:21:39 [restartedMain] INFO  : Starting service [Tomcat]
2023-01-01 17:21:39 [restartedMain] INFO  : Starting Servlet engine: [Apache Tomcat/9.0.63]
2023-01-01 17:21:39 [restartedMain] INFO  : Initializing Spring embedded WebApplicationContext
2023-01-01 17:21:39 [restartedMain] INFO  : Root WebApplicationContext: initialization completed in 239 ms
2023-01-01 17:21:39 [restartedMain] INFO  : HHH000204: Processing PersistenceUnitInfo [name: default]
2023-01-01 17:21:39 [restartedMain] INFO  : HikariPool-10 - Starting...
2023-01-01 17:21:39 [restartedMain] INFO  : HikariPool-10 - Start completed.
2023-01-01 17:21:39 [restartedMain] INFO  : HHH000400: Using dialect: org.hibernate.dialect.MySQL8Dialect
2023-01-01 17:21:40 [restartedMain] INFO  : HHH000490: Using JtaPlatform implementation: [org.hibernate.engine.transaction.jta.platform.internal.NoJtaPlatform]
2023-01-01 17:21:40 [restartedMain] INFO  : Initialized JPA EntityManagerFactory for persistence unit 'default'
2023-01-01 17:21:40 [restartedMain] WARN  : spring.jpa.open-in-view is enabled by default. Therefore, database queries may be performed during view rendering. Explicitly configure spring.jpa.open-in-view to disable this warning
2023-01-01 17:21:40 [restartedMain] INFO  : Will secure any request with [org.springframework.security.web.session.DisableEncodeUrlFilter@453497ec, org.springframework.security.web.context.request.async.WebAsyncManagerIntegrationFilter@26723028, org.springframework.security.web.context.SecurityContextPersistenceFilter@6c0505, org.springframework.security.web.header.HeaderWriterFilter@1d4288a4, org.springframework.security.web.authentication.logout.LogoutFilter@561206f3, com.jobPortal.security.JwtAuthenticationFilter@476db2f4, org.springframework.security.web.savedrequest.RequestCacheAwareFilter@1012173f, org.springframework.security.web.servletapi.SecurityContextHolderAwareRequestFilter@191caa31, org.springframework.security.web.authentication.AnonymousAuthenticationFilter@7956cf80, org.springframework.security.web.session.SessionManagementFilter@73ab95ca, org.springframework.security.web.access.ExceptionTranslationFilter@55c8a4cb, org.springframework.security.web.access.intercept.FilterSecurityInterceptor@2b8168c6]
2023-01-01 17:21:40 [restartedMain] INFO  : LiveReload server is running on port 35729
2023-01-01 17:21:40 [restartedMain] INFO  : Starting ProtocolHandler ["http-nio-8080"]
2023-01-01 17:21:40 [restartedMain] INFO  : Tomcat started on port(s): 8080 (http) with context path ''
2023-01-01 17:21:40 [restartedMain] INFO  : Started JwtAuthenticationApiApplication in 0.699 seconds (JVM running for 5714.629)
2023-01-01 17:21:40 [restartedMain] INFO  : Condition evaluation unchanged
2023-01-01 17:22:20 [Thread-41] INFO  : Closing JPA EntityManagerFactory for persistence unit 'default'
2023-01-01 17:22:20 [Thread-41] INFO  : HikariPool-10 - Shutdown initiated...
2023-01-01 17:22:20 [Thread-41] INFO  : HikariPool-10 - Shutdown completed.
2023-01-01 17:22:20 [restartedMain] INFO  : Starting JwtAuthenticationApiApplication using Java 17.0.4.1 on Ishika with PID 19264 (E:\Blog project\Blog_Application_project\JwtAuthentication_Api\bin\main started by shree sai computer in E:\Blog project\Blog_Application_project\JwtAuthentication_Api)
2023-01-01 17:22:20 [restartedMain] INFO  : No active profile set, falling back to 1 default profile: "default"
2023-01-01 17:22:21 [restartedMain] INFO  : Bootstrapping Spring Data JPA repositories in DEFAULT mode.
2023-01-01 17:22:21 [restartedMain] INFO  : Finished Spring Data repository scanning in 16 ms. Found 5 JPA repository interfaces.
2023-01-01 17:22:21 [restartedMain] INFO  : Tomcat initialized with port(s): 8080 (http)
2023-01-01 17:22:21 [restartedMain] INFO  : Initializing ProtocolHandler ["http-nio-8080"]
2023-01-01 17:22:21 [restartedMain] INFO  : Starting service [Tomcat]
2023-01-01 17:22:21 [restartedMain] INFO  : Starting Servlet engine: [Apache Tomcat/9.0.63]
2023-01-01 17:22:21 [restartedMain] INFO  : Initializing Spring embedded WebApplicationContext
2023-01-01 17:22:21 [restartedMain] INFO  : Root WebApplicationContext: initialization completed in 278 ms
2023-01-01 17:22:21 [restartedMain] INFO  : HHH000204: Processing PersistenceUnitInfo [name: default]
2023-01-01 17:22:21 [restartedMain] INFO  : HikariPool-11 - Starting...
2023-01-01 17:22:21 [restartedMain] INFO  : HikariPool-11 - Start completed.
2023-01-01 17:22:21 [restartedMain] INFO  : HHH000400: Using dialect: org.hibernate.dialect.MySQL8Dialect
2023-01-01 17:22:21 [restartedMain] INFO  : HHH000490: Using JtaPlatform implementation: [org.hibernate.engine.transaction.jta.platform.internal.NoJtaPlatform]
2023-01-01 17:22:21 [restartedMain] INFO  : Initialized JPA EntityManagerFactory for persistence unit 'default'
2023-01-01 17:22:21 [restartedMain] WARN  : spring.jpa.open-in-view is enabled by default. Therefore, database queries may be performed during view rendering. Explicitly configure spring.jpa.open-in-view to disable this warning
2023-01-01 17:22:21 [restartedMain] INFO  : Will secure any request with [org.springframework.security.web.session.DisableEncodeUrlFilter@531c396c, org.springframework.security.web.context.request.async.WebAsyncManagerIntegrationFilter@3175c77a, org.springframework.security.web.context.SecurityContextPersistenceFilter@599650e, org.springframework.security.web.header.HeaderWriterFilter@1f3f5bd8, org.springframework.security.web.authentication.logout.LogoutFilter@5e21a27a, com.jobPortal.security.JwtAuthenticationFilter@594f028c, org.springframework.security.web.savedrequest.RequestCacheAwareFilter@18bc916b, org.springframework.security.web.servletapi.SecurityContextHolderAwareRequestFilter@7d38e83f, org.springframework.security.web.authentication.AnonymousAuthenticationFilter@5be52f00, org.springframework.security.web.session.SessionManagementFilter@34cb381a, org.springframework.security.web.access.ExceptionTranslationFilter@5dd81c1a, org.springframework.security.web.access.intercept.FilterSecurityInterceptor@52b28b76]
2023-01-01 17:22:21 [restartedMain] INFO  : LiveReload server is running on port 35729
2023-01-01 17:22:21 [restartedMain] INFO  : Starting ProtocolHandler ["http-nio-8080"]
2023-01-01 17:22:21 [restartedMain] INFO  : Tomcat started on port(s): 8080 (http) with context path ''
2023-01-01 17:22:21 [restartedMain] INFO  : Started JwtAuthenticationApiApplication in 0.766 seconds (JVM running for 5755.993)
2023-01-01 17:22:21 [restartedMain] INFO  : Condition evaluation unchanged
2023-01-01 17:22:45 [Thread-45] INFO  : Closing JPA EntityManagerFactory for persistence unit 'default'
2023-01-01 17:22:45 [Thread-45] INFO  : HikariPool-11 - Shutdown initiated...
2023-01-01 17:22:45 [Thread-45] INFO  : HikariPool-11 - Shutdown completed.
2023-01-01 17:22:45 [restartedMain] INFO  : Starting JwtAuthenticationApiApplication using Java 17.0.4.1 on Ishika with PID 19264 (E:\Blog project\Blog_Application_project\JwtAuthentication_Api\bin\main started by shree sai computer in E:\Blog project\Blog_Application_project\JwtAuthentication_Api)
2023-01-01 17:22:45 [restartedMain] INFO  : No active profile set, falling back to 1 default profile: "default"
2023-01-01 17:22:45 [restartedMain] INFO  : Bootstrapping Spring Data JPA repositories in DEFAULT mode.
2023-01-01 17:22:45 [restartedMain] INFO  : Finished Spring Data repository scanning in 21 ms. Found 5 JPA repository interfaces.
2023-01-01 17:22:45 [restartedMain] INFO  : Tomcat initialized with port(s): 8080 (http)
2023-01-01 17:22:45 [restartedMain] INFO  : Initializing ProtocolHandler ["http-nio-8080"]
2023-01-01 17:22:45 [restartedMain] INFO  : Starting service [Tomcat]
2023-01-01 17:22:45 [restartedMain] INFO  : Starting Servlet engine: [Apache Tomcat/9.0.63]
2023-01-01 17:22:45 [restartedMain] INFO  : Initializing Spring embedded WebApplicationContext
2023-01-01 17:22:45 [restartedMain] INFO  : Root WebApplicationContext: initialization completed in 268 ms
2023-01-01 17:22:46 [restartedMain] INFO  : HHH000204: Processing PersistenceUnitInfo [name: default]
2023-01-01 17:22:46 [restartedMain] INFO  : HikariPool-12 - Starting...
2023-01-01 17:22:46 [restartedMain] INFO  : HikariPool-12 - Start completed.
2023-01-01 17:22:46 [restartedMain] INFO  : HHH000400: Using dialect: org.hibernate.dialect.MySQL8Dialect
2023-01-01 17:22:46 [restartedMain] INFO  : HHH000490: Using JtaPlatform implementation: [org.hibernate.engine.transaction.jta.platform.internal.NoJtaPlatform]
2023-01-01 17:22:46 [restartedMain] INFO  : Initialized JPA EntityManagerFactory for persistence unit 'default'
2023-01-01 17:22:46 [restartedMain] WARN  : spring.jpa.open-in-view is enabled by default. Therefore, database queries may be performed during view rendering. Explicitly configure spring.jpa.open-in-view to disable this warning
2023-01-01 17:22:46 [restartedMain] INFO  : Will secure any request with [org.springframework.security.web.session.DisableEncodeUrlFilter@63343db1, org.springframework.security.web.context.request.async.WebAsyncManagerIntegrationFilter@410c0c3f, org.springframework.security.web.context.SecurityContextPersistenceFilter@30783b2f, org.springframework.security.web.header.HeaderWriterFilter@46ef21b2, org.springframework.security.web.authentication.logout.LogoutFilter@6e084708, com.jobPortal.security.JwtAuthenticationFilter@1de290bb, org.springframework.security.web.savedrequest.RequestCacheAwareFilter@5eb5fa41, org.springframework.security.web.servletapi.SecurityContextHolderAwareRequestFilter@61e8a294, org.springframework.security.web.authentication.AnonymousAuthenticationFilter@dc4f7ef, org.springframework.security.web.session.SessionManagementFilter@107dc670, org.springframework.security.web.access.ExceptionTranslationFilter@54c75c95, org.springframework.security.web.access.intercept.FilterSecurityInterceptor@4f1028c0]
2023-01-01 17:22:46 [restartedMain] INFO  : LiveReload server is running on port 35729
2023-01-01 17:22:46 [restartedMain] INFO  : Starting ProtocolHandler ["http-nio-8080"]
2023-01-01 17:22:46 [restartedMain] INFO  : Tomcat started on port(s): 8080 (http) with context path ''
2023-01-01 17:22:46 [restartedMain] INFO  : Started JwtAuthenticationApiApplication in 0.799 seconds (JVM running for 5780.735)
2023-01-01 17:22:46 [restartedMain] INFO  : Condition evaluation unchanged
2023-01-01 17:22:49 [http-nio-8080-exec-2] INFO  : Initializing Spring DispatcherServlet 'dispatcherServlet'
2023-01-01 17:22:49 [http-nio-8080-exec-2] INFO  : Initializing Servlet 'dispatcherServlet'
2023-01-01 17:22:49 [http-nio-8080-exec-2] INFO  : Completed initialization in 1 ms
2023-01-01 18:01:19 [HikariPool-12 housekeeper] WARN  : HikariPool-12 - Thread starvation or clock leap detected (housekeeper delta=3m2s408ms590s500ns).
